<?xml version="1.0" encoding="UTF-8"?>
<!-- Generated by org.testng.reporters.JUnitReportReporter -->
<testsuite hostname="DESKTOP-ERBTEJN" name="maven_jenk.maven_jenk.Print_jenk" tests="1" failures="0" timestamp="20 Nov 2019 04:11:19 GMT" time="0.017" errors="0">
  <testcase name="print1" time="0.017" classname="maven_jenk.maven_jenk.Print_jenk"/>
</testsuite> <!-- maven_jenk.maven_jenk.Print_jenk -->
