<?xml version="1.0" encoding="UTF-8"?>
<!-- Generated by org.testng.reporters.JUnitReportReporter -->
<testsuite hostname="DESKTOP-ERBTEJN" name="maven_jenk.maven_jenk.Print_jenk" tests="1" failures="0" timestamp="21 Nov 2019 01:25:02 GMT" time="0.015" errors="0">
  <testcase name="print1" time="0.015" classname="maven_jenk.maven_jenk.Print_jenk"/>
</testsuite> <!-- maven_jenk.maven_jenk.Print_jenk -->
